0 info it worked if it ends with ok
1 verbose cli [ 'C:\\Program Files\\nodejs\\node.exe',
1 verbose cli   'C:\\Program Files\\nodejs\\node_modules\\npm\\bin\\npm-cli.js',
1 verbose cli   'install',
1 verbose cli   'contextify' ]
2 info using npm@3.10.10
3 info using node@v7.2.1
4 silly loadCurrentTree Starting
5 silly install loadCurrentTree
6 silly install readLocalPackageData
7 silly fetchPackageMetaData contextify
8 silly fetchNamedPackageData contextify
9 silly mapToRegistry name contextify
10 silly mapToRegistry using default registry
11 silly mapToRegistry registry https://registry.npmjs.org/
12 silly mapToRegistry data Result {
12 silly mapToRegistry   raw: 'contextify',
12 silly mapToRegistry   scope: null,
12 silly mapToRegistry   escapedName: 'contextify',
12 silly mapToRegistry   name: 'contextify',
12 silly mapToRegistry   rawSpec: '',
12 silly mapToRegistry   spec: 'latest',
12 silly mapToRegistry   type: 'tag' }
13 silly mapToRegistry uri https://registry.npmjs.org/contextify
14 verbose request uri https://registry.npmjs.org/contextify
15 verbose request no auth needed
16 info attempt registry request try #1 at 15:05:43
17 verbose request id 76b56153ac2219c4
18 http request GET https://registry.npmjs.org/contextify
19 http 200 https://registry.npmjs.org/contextify
20 verbose headers { server: 'nginx/1.10.1',
20 verbose headers   'content-type': 'application/json',
20 verbose headers   'last-modified': 'Thu, 12 Nov 2015 16:00:27 GMT',
20 verbose headers   etag: 'W/"5644b79b-942b"',
20 verbose headers   'content-encoding': 'gzip',
20 verbose headers   'cache-control': 'max-age=300',
20 verbose headers   'content-length': '5170',
20 verbose headers   'accept-ranges': 'bytes',
20 verbose headers   date: 'Sun, 18 Dec 2016 14:05:40 GMT',
20 verbose headers   via: '1.1 varnish',
20 verbose headers   age: '0',
20 verbose headers   connection: 'keep-alive',
20 verbose headers   'x-served-by': 'cache-ams4446-AMS',
20 verbose headers   'x-cache': 'HIT',
20 verbose headers   'x-cache-hits': '1',
20 verbose headers   'x-timer': 'S1482069940.617394,VS0,VE7',
20 verbose headers   vary: 'Accept-Encoding' }
21 silly get cb [ 200,
21 silly get   { server: 'nginx/1.10.1',
21 silly get     'content-type': 'application/json',
21 silly get     'last-modified': 'Thu, 12 Nov 2015 16:00:27 GMT',
21 silly get     etag: 'W/"5644b79b-942b"',
21 silly get     'content-encoding': 'gzip',
21 silly get     'cache-control': 'max-age=300',
21 silly get     'content-length': '5170',
21 silly get     'accept-ranges': 'bytes',
21 silly get     date: 'Sun, 18 Dec 2016 14:05:40 GMT',
21 silly get     via: '1.1 varnish',
21 silly get     age: '0',
21 silly get     connection: 'keep-alive',
21 silly get     'x-served-by': 'cache-ams4446-AMS',
21 silly get     'x-cache': 'HIT',
21 silly get     'x-cache-hits': '1',
21 silly get     'x-timer': 'S1482069940.617394,VS0,VE7',
21 silly get     vary: 'Accept-Encoding' } ]
22 verbose get saving contextify to C:\Users\arnau\AppData\Roaming\npm-cache\registry.npmjs.org\contextify\.cache.json
23 verbose correctMkdir C:\Users\arnau\AppData\Roaming\npm-cache correctMkdir not in flight; initializing
24 silly install normalizeTree
25 silly loadCurrentTree Finishing
26 silly loadIdealTree Starting
27 silly install loadIdealTree
28 silly cloneCurrentTree Starting
29 silly install cloneCurrentTreeToIdealTree
30 silly cloneCurrentTree Finishing
31 silly loadShrinkwrap Starting
32 silly install loadShrinkwrap
33 silly loadShrinkwrap Finishing
34 silly loadAllDepsIntoIdealTree Starting
35 silly install loadAllDepsIntoIdealTree
36 silly resolveWithNewModule contextify@0.1.15 checking installable status
37 silly cache add args [ 'contextify', null ]
38 verbose cache add spec contextify
39 silly cache add parsed spec Result {
39 silly cache add   raw: 'contextify',
39 silly cache add   scope: null,
39 silly cache add   escapedName: 'contextify',
39 silly cache add   name: 'contextify',
39 silly cache add   rawSpec: '',
39 silly cache add   spec: 'latest',
39 silly cache add   type: 'tag' }
40 silly addNamed contextify@latest
41 verbose addNamed "latest" is being treated as a dist-tag for contextify
42 info addNameTag [ 'contextify', 'latest' ]
43 silly mapToRegistry name contextify
44 silly mapToRegistry using default registry
45 silly mapToRegistry registry https://registry.npmjs.org/
46 silly mapToRegistry data Result {
46 silly mapToRegistry   raw: 'contextify',
46 silly mapToRegistry   scope: null,
46 silly mapToRegistry   escapedName: 'contextify',
46 silly mapToRegistry   name: 'contextify',
46 silly mapToRegistry   rawSpec: '',
46 silly mapToRegistry   spec: 'latest',
46 silly mapToRegistry   type: 'tag' }
47 silly mapToRegistry uri https://registry.npmjs.org/contextify
48 verbose addNameTag registry:https://registry.npmjs.org/contextify not in flight; fetching
49 verbose get https://registry.npmjs.org/contextify not expired, no request
50 silly addNameTag next cb for contextify with tag latest
51 silly addNamed contextify@0.1.15
52 verbose addNamed "0.1.15" is a plain semver version for contextify
53 silly mapToRegistry name contextify
54 silly mapToRegistry using default registry
55 silly mapToRegistry registry https://registry.npmjs.org/
56 silly mapToRegistry data Result {
56 silly mapToRegistry   raw: 'contextify',
56 silly mapToRegistry   scope: null,
56 silly mapToRegistry   escapedName: 'contextify',
56 silly mapToRegistry   name: 'contextify',
56 silly mapToRegistry   rawSpec: '',
56 silly mapToRegistry   spec: 'latest',
56 silly mapToRegistry   type: 'tag' }
57 silly mapToRegistry uri https://registry.npmjs.org/contextify
58 verbose addRemoteTarball https://registry.npmjs.org/contextify/-/contextify-0.1.15.tgz not in flight; adding
59 verbose addRemoteTarball [ 'https://registry.npmjs.org/contextify/-/contextify-0.1.15.tgz',
59 verbose addRemoteTarball   '3d34681d14a5ccbbe609c9ee11eda206b8cf266f' ]
60 info retry fetch attempt 1 at 15:05:44
61 info attempt registry request try #1 at 15:05:44
62 http fetch GET https://registry.npmjs.org/contextify/-/contextify-0.1.15.tgz
63 http fetch 200 https://registry.npmjs.org/contextify/-/contextify-0.1.15.tgz
64 silly fetchAndShaCheck shasum 3d34681d14a5ccbbe609c9ee11eda206b8cf266f
65 verbose addTmpTarball C:\Users\arnau\AppData\Local\Temp\npm-10204-25ecf4ef\registry.npmjs.org\contextify\-\contextify-0.1.15.tgz not in flight; adding
66 verbose addTmpTarball already have metadata; skipping unpack for contextify@0.1.15
67 verbose correctMkdir C:\Users\arnau\AppData\Roaming\npm-cache correctMkdir not in flight; initializing
68 silly cache afterAdd contextify@0.1.15
69 verbose afterAdd C:\Users\arnau\AppData\Roaming\npm-cache\contextify\0.1.15\package\package.json not in flight; writing
70 verbose correctMkdir C:\Users\arnau\AppData\Roaming\npm-cache correctMkdir not in flight; initializing
71 verbose afterAdd C:\Users\arnau\AppData\Roaming\npm-cache\contextify\0.1.15\package\package.json written
72 silly fetchNamedPackageData bindings
73 silly mapToRegistry name bindings
74 silly mapToRegistry using default registry
75 silly mapToRegistry registry https://registry.npmjs.org/
76 silly mapToRegistry data Result {
76 silly mapToRegistry   raw: 'bindings',
76 silly mapToRegistry   scope: null,
76 silly mapToRegistry   escapedName: 'bindings',
76 silly mapToRegistry   name: 'bindings',
76 silly mapToRegistry   rawSpec: '',
76 silly mapToRegistry   spec: 'latest',
76 silly mapToRegistry   type: 'tag' }
77 silly mapToRegistry uri https://registry.npmjs.org/bindings
78 verbose request uri https://registry.npmjs.org/bindings
79 verbose request no auth needed
80 info attempt registry request try #1 at 15:05:44
81 http request GET https://registry.npmjs.org/bindings
82 http 200 https://registry.npmjs.org/bindings
83 verbose headers { server: 'nginx/1.10.1',
83 verbose headers   'content-type': 'application/json',
83 verbose headers   'last-modified': 'Tue, 18 Oct 2016 15:54:59 GMT',
83 verbose headers   etag: 'W/"580645d3-46f7"',
83 verbose headers   'content-encoding': 'gzip',
83 verbose headers   'cache-control': 'max-age=300',
83 verbose headers   'content-length': '3493',
83 verbose headers   'accept-ranges': 'bytes',
83 verbose headers   date: 'Sun, 18 Dec 2016 14:05:41 GMT',
83 verbose headers   via: '1.1 varnish',
83 verbose headers   age: '154',
83 verbose headers   connection: 'keep-alive',
83 verbose headers   'x-served-by': 'cache-ams4446-AMS',
83 verbose headers   'x-cache': 'HIT',
83 verbose headers   'x-cache-hits': '1',
83 verbose headers   'x-timer': 'S1482069941.004577,VS0,VE0',
83 verbose headers   vary: 'Accept-Encoding' }
84 silly get cb [ 200,
84 silly get   { server: 'nginx/1.10.1',
84 silly get     'content-type': 'application/json',
84 silly get     'last-modified': 'Tue, 18 Oct 2016 15:54:59 GMT',
84 silly get     etag: 'W/"580645d3-46f7"',
84 silly get     'content-encoding': 'gzip',
84 silly get     'cache-control': 'max-age=300',
84 silly get     'content-length': '3493',
84 silly get     'accept-ranges': 'bytes',
84 silly get     date: 'Sun, 18 Dec 2016 14:05:41 GMT',
84 silly get     via: '1.1 varnish',
84 silly get     age: '154',
84 silly get     connection: 'keep-alive',
84 silly get     'x-served-by': 'cache-ams4446-AMS',
84 silly get     'x-cache': 'HIT',
84 silly get     'x-cache-hits': '1',
84 silly get     'x-timer': 'S1482069941.004577,VS0,VE0',
84 silly get     vary: 'Accept-Encoding' } ]
85 verbose get saving bindings to C:\Users\arnau\AppData\Roaming\npm-cache\registry.npmjs.org\bindings\.cache.json
86 verbose correctMkdir C:\Users\arnau\AppData\Roaming\npm-cache correctMkdir not in flight; initializing
87 silly resolveWithNewModule bindings@1.2.1 checking installable status
88 silly cache add args [ 'bindings@^1.2.1', null ]
89 verbose cache add spec bindings@^1.2.1
90 silly cache add parsed spec Result {
90 silly cache add   raw: 'bindings@^1.2.1',
90 silly cache add   scope: null,
90 silly cache add   escapedName: 'bindings',
90 silly cache add   name: 'bindings',
90 silly cache add   rawSpec: '^1.2.1',
90 silly cache add   spec: '>=1.2.1 <2.0.0',
90 silly cache add   type: 'range' }
91 silly addNamed bindings@>=1.2.1 <2.0.0
92 verbose addNamed ">=1.2.1 <2.0.0" is a valid semver range for bindings
93 silly addNameRange { name: 'bindings', range: '>=1.2.1 <2.0.0', hasData: false }
94 silly mapToRegistry name bindings
95 silly mapToRegistry using default registry
96 silly mapToRegistry registry https://registry.npmjs.org/
97 silly mapToRegistry data Result {
97 silly mapToRegistry   raw: 'bindings',
97 silly mapToRegistry   scope: null,
97 silly mapToRegistry   escapedName: 'bindings',
97 silly mapToRegistry   name: 'bindings',
97 silly mapToRegistry   rawSpec: '',
97 silly mapToRegistry   spec: 'latest',
97 silly mapToRegistry   type: 'tag' }
98 silly mapToRegistry uri https://registry.npmjs.org/bindings
99 verbose addNameRange registry:https://registry.npmjs.org/bindings not in flight; fetching
100 verbose get https://registry.npmjs.org/bindings not expired, no request
101 silly addNameRange number 2 { name: 'bindings', range: '>=1.2.1 <2.0.0', hasData: true }
102 silly addNameRange versions [ 'bindings',
102 silly addNameRange   [ '0.0.1',
102 silly addNameRange     '0.1.0',
102 silly addNameRange     '0.1.1',
102 silly addNameRange     '0.2.0',
102 silly addNameRange     '0.2.1',
102 silly addNameRange     '0.2.2',
102 silly addNameRange     '0.2.3',
102 silly addNameRange     '0.2.4',
102 silly addNameRange     '0.3.0',
102 silly addNameRange     '0.4.0',
102 silly addNameRange     '1.0.0',
102 silly addNameRange     '1.1.0',
102 silly addNameRange     '1.1.1',
102 silly addNameRange     '1.2.0',
102 silly addNameRange     '1.2.1' ] ]
103 silly addNamed bindings@1.2.1
104 verbose addNamed "1.2.1" is a plain semver version for bindings
105 silly mapToRegistry name bindings
106 silly mapToRegistry using default registry
107 silly mapToRegistry registry https://registry.npmjs.org/
108 silly mapToRegistry data Result {
108 silly mapToRegistry   raw: 'bindings',
108 silly mapToRegistry   scope: null,
108 silly mapToRegistry   escapedName: 'bindings',
108 silly mapToRegistry   name: 'bindings',
108 silly mapToRegistry   rawSpec: '',
108 silly mapToRegistry   spec: 'latest',
108 silly mapToRegistry   type: 'tag' }
109 silly mapToRegistry uri https://registry.npmjs.org/bindings
110 verbose addRemoteTarball https://registry.npmjs.org/bindings/-/bindings-1.2.1.tgz not in flight; adding
111 verbose addRemoteTarball [ 'https://registry.npmjs.org/bindings/-/bindings-1.2.1.tgz',
111 verbose addRemoteTarball   '14ad6113812d2d37d72e67b4cacb4bb726505f11' ]
112 info retry fetch attempt 1 at 15:05:44
113 info attempt registry request try #1 at 15:05:44
114 http fetch GET https://registry.npmjs.org/bindings/-/bindings-1.2.1.tgz
115 http fetch 200 https://registry.npmjs.org/bindings/-/bindings-1.2.1.tgz
116 silly fetchAndShaCheck shasum 14ad6113812d2d37d72e67b4cacb4bb726505f11
117 verbose addTmpTarball C:\Users\arnau\AppData\Local\Temp\npm-10204-25ecf4ef\registry.npmjs.org\bindings\-\bindings-1.2.1.tgz not in flight; adding
118 verbose addTmpTarball already have metadata; skipping unpack for bindings@1.2.1
119 verbose correctMkdir C:\Users\arnau\AppData\Roaming\npm-cache correctMkdir not in flight; initializing
120 silly cache afterAdd bindings@1.2.1
121 verbose afterAdd C:\Users\arnau\AppData\Roaming\npm-cache\bindings\1.2.1\package\package.json not in flight; writing
122 verbose correctMkdir C:\Users\arnau\AppData\Roaming\npm-cache correctMkdir not in flight; initializing
123 verbose afterAdd C:\Users\arnau\AppData\Roaming\npm-cache\bindings\1.2.1\package\package.json written
124 silly loadAllDepsIntoIdealTree Finishing
125 silly loadIdealTree Finishing
126 silly currentTree allergies@0.0.0
126 silly currentTree +-- accepts@1.3.3
126 silly currentTree +-- acorn-globals@1.0.9
126 silly currentTree +-- acorn@2.7.0
126 silly currentTree +-- align-text@0.1.4
126 silly currentTree +-- amdefine@1.0.1
126 silly currentTree +-- ansi-regex@2.0.0
126 silly currentTree +-- ansi-styles@2.2.1
126 silly currentTree +-- array-flatten@1.1.1
126 silly currentTree +-- asap@1.0.0
126 silly currentTree +-- asn1@0.2.3
126 silly currentTree +-- assert-plus@0.2.0
126 silly currentTree +-- async@0.2.10
126 silly currentTree +-- asynckit@0.4.0
126 silly currentTree +-- aws-sign2@0.6.0
126 silly currentTree +-- aws4@1.5.0
126 silly currentTree +-- basic-auth@1.0.4
126 silly currentTree +-- bcrypt-pbkdf@1.0.0
126 silly currentTree +-- body-parser@1.15.2
126 silly currentTree +-- boom@2.10.1
126 silly currentTree +-- bytes@2.4.0
126 silly currentTree +-- camelcase@1.2.1
126 silly currentTree +-- caseless@0.11.0
126 silly currentTree +-- center-align@0.1.3
126 silly currentTree +-- chalk@1.1.3
126 silly currentTree +-- character-parser@1.2.1
126 silly currentTree +-- clean-css@3.4.22
126 silly currentTree | `-- commander@2.8.1
126 silly currentTree +-- cliui@2.1.0
126 silly currentTree | `-- wordwrap@0.0.2
126 silly currentTree +-- coffee-script@1.12.2
126 silly currentTree +-- combined-stream@1.0.5
126 silly currentTree +-- commander@2.6.0
126 silly currentTree +-- constantinople@3.0.2
126 silly currentTree +-- content-disposition@0.5.1
126 silly currentTree +-- content-type@1.0.2
126 silly currentTree +-- cookie-parser@1.4.3
126 silly currentTree +-- cookie-signature@1.0.6
126 silly currentTree +-- cookie@0.3.1
126 silly currentTree +-- cryptiles@2.0.5
126 silly currentTree +-- css-parse@1.0.4
126 silly currentTree +-- css-stringify@1.0.5
126 silly currentTree +-- css@1.0.8
126 silly currentTree +-- dashdash@1.14.1
126 silly currentTree | `-- assert-plus@1.0.0
126 silly currentTree +-- debug@2.2.0
126 silly currentTree +-- decamelize@1.2.0
126 silly currentTree +-- delayed-stream@1.0.0
126 silly currentTree +-- depd@1.1.0
126 silly currentTree +-- destroy@1.0.4
126 silly currentTree +-- ecc-jsbn@0.1.1
126 silly currentTree +-- ee-first@1.1.1
126 silly currentTree +-- encodeurl@1.0.1
126 silly currentTree +-- es6-promise@2.3.0
126 silly currentTree +-- escape-html@1.0.3
126 silly currentTree +-- escape-string-regexp@1.0.5
126 silly currentTree +-- etag@1.7.0
126 silly currentTree +-- express@4.14.0
126 silly currentTree +-- extend@3.0.0
126 silly currentTree +-- extsprintf@1.0.2
126 silly currentTree +-- finalhandler@0.5.0
126 silly currentTree +-- forever-agent@0.6.1
126 silly currentTree +-- form-data@2.1.2
126 silly currentTree +-- forwarded@0.1.0
126 silly currentTree +-- fresh@0.3.0
126 silly currentTree +-- generate-function@2.0.0
126 silly currentTree +-- generate-object-property@1.2.0
126 silly currentTree +-- getpass@0.1.6
126 silly currentTree | `-- assert-plus@1.0.0
126 silly currentTree +-- graceful-readlink@1.0.1
126 silly currentTree +-- har-validator@2.0.6
126 silly currentTree | `-- commander@2.9.0
126 silly currentTree +-- has-ansi@2.0.0
126 silly currentTree +-- hawk@3.1.3
126 silly currentTree +-- hoek@2.16.3
126 silly currentTree +-- http-errors@1.5.1
126 silly currentTree +-- http-signature@1.1.1
126 silly currentTree +-- iconv-lite@0.4.13
126 silly currentTree +-- indexeddb-js@0.0.14
126 silly currentTree +-- inherits@2.0.3
126 silly currentTree +-- ipaddr.js@1.1.1
126 silly currentTree +-- is-buffer@1.1.4
126 silly currentTree +-- is-my-json-valid@2.15.0
126 silly currentTree +-- is-promise@2.1.0
126 silly currentTree +-- is-property@1.0.2
126 silly currentTree +-- is-typedarray@1.0.0
126 silly currentTree +-- isstream@0.1.2
126 silly currentTree +-- jade@1.11.0
126 silly currentTree +-- jodid25519@1.0.2
126 silly currentTree +-- jsbn@0.1.0
126 silly currentTree +-- json-schema@0.2.3
126 silly currentTree +-- json-stringify-safe@5.0.1
126 silly currentTree +-- jsonld@0.4.11
126 silly currentTree +-- jsonpointer@4.0.0
126 silly currentTree +-- jsprim@1.3.1
126 silly currentTree +-- jstransformer@0.0.2
126 silly currentTree +-- kind-of@3.1.0
126 silly currentTree +-- lazy-cache@1.0.4
126 silly currentTree +-- longest@1.0.1
126 silly currentTree +-- media-typer@0.3.0
126 silly currentTree +-- merge-descriptors@1.0.1
126 silly currentTree +-- methods@1.1.2
126 silly currentTree +-- mime-db@1.25.0
126 silly currentTree +-- mime-types@2.1.13
126 silly currentTree +-- mime@1.3.4
126 silly currentTree +-- minimist@0.0.8
126 silly currentTree +-- mkdirp@0.5.1
126 silly currentTree +-- morgan@1.7.0
126 silly currentTree +-- ms@0.7.1
126 silly currentTree +-- n3@0.5.0
126 silly currentTree +-- nan@2.4.0
126 silly currentTree +-- negotiator@0.6.1
126 silly currentTree +-- oauth-sign@0.8.2
126 silly currentTree +-- on-finished@2.3.0
126 silly currentTree +-- on-headers@1.0.1
126 silly currentTree +-- optimist@0.3.7
126 silly currentTree +-- parseurl@1.3.1
126 silly currentTree +-- path-to-regexp@0.1.7
126 silly currentTree +-- pinkie-promise@2.0.1
126 silly currentTree +-- pinkie@2.0.4
126 silly currentTree +-- pkginfo@0.4.0
126 silly currentTree +-- promise@6.1.0
126 silly currentTree +-- proxy-addr@1.1.2
126 silly currentTree +-- punycode@1.4.1
126 silly currentTree +-- qs@6.2.0
126 silly currentTree +-- range-parser@1.2.0
126 silly currentTree +-- raw-body@2.1.7
126 silly currentTree +-- rdfstore@0.9.17
126 silly currentTree +-- repeat-string@1.6.1
126 silly currentTree +-- request@2.79.0
126 silly currentTree | `-- qs@6.3.0
126 silly currentTree +-- right-align@0.1.3
126 silly currentTree +-- send@0.14.1
126 silly currentTree +-- serve-favicon@2.3.2
126 silly currentTree | `-- ms@0.7.2
126 silly currentTree +-- serve-static@1.11.1
126 silly currentTree +-- setprototypeof@1.0.2
126 silly currentTree +-- sntp@1.0.9
126 silly currentTree +-- source-map@0.4.4
126 silly currentTree +-- sparql@0.1.3
126 silly currentTree | +-- coffee-script@1.2.0
126 silly currentTree | `-- request@1.9.0
126 silly currentTree +-- sqlite3@3.1.8
126 silly currentTree | `-- node-pre-gyp@0.6.31
126 silly currentTree |   +-- mkdirp@0.5.1
126 silly currentTree |   | `-- minimist@0.0.8
126 silly currentTree |   +-- nopt@3.0.6
126 silly currentTree |   | `-- abbrev@1.0.9
126 silly currentTree |   +-- npmlog@4.0.0
126 silly currentTree |   | +-- are-we-there-yet@1.1.2
126 silly currentTree |   | | +-- delegates@1.0.0
126 silly currentTree |   | | `-- readable-stream@2.1.5
126 silly currentTree |   | |   +-- buffer-shims@1.0.0
126 silly currentTree |   | |   +-- core-util-is@1.0.2
126 silly currentTree |   | |   +-- inherits@2.0.3
126 silly currentTree |   | |   +-- isarray@1.0.0
126 silly currentTree |   | |   +-- process-nextick-args@1.0.7
126 silly currentTree |   | |   +-- string_decoder@0.10.31
126 silly currentTree |   | |   `-- util-deprecate@1.0.2
126 silly currentTree |   | +-- console-control-strings@1.1.0
126 silly currentTree |   | +-- gauge@2.6.0
126 silly currentTree |   | | +-- aproba@1.0.4
126 silly currentTree |   | | +-- has-color@0.1.7
126 silly currentTree |   | | +-- has-unicode@2.0.1
126 silly currentTree |   | | +-- object-assign@4.1.0
126 silly currentTree |   | | +-- signal-exit@3.0.1
126 silly currentTree |   | | +-- string-width@1.0.2
126 silly currentTree |   | | | +-- code-point-at@1.0.1
126 silly currentTree |   | | | | `-- number-is-nan@1.0.1
126 silly currentTree |   | | | `-- is-fullwidth-code-point@1.0.0
126 silly currentTree |   | | |   `-- number-is-nan@1.0.1
126 silly currentTree |   | | +-- strip-ansi@3.0.1
126 silly currentTree |   | | | `-- ansi-regex@2.0.0
126 silly currentTree |   | | `-- wide-align@1.1.0
126 silly currentTree |   | `-- set-blocking@2.0.0
126 silly currentTree |   +-- rc@1.1.6
126 silly currentTree |   | +-- deep-extend@0.4.1
126 silly currentTree |   | +-- ini@1.3.4
126 silly currentTree |   | +-- minimist@1.2.0
126 silly currentTree |   | `-- strip-json-comments@1.0.4
126 silly currentTree |   +-- request@2.76.0
126 silly currentTree |   | +-- aws-sign2@0.6.0
126 silly currentTree |   | +-- aws4@1.5.0
126 silly currentTree |   | +-- caseless@0.11.0
126 silly currentTree |   | +-- combined-stream@1.0.5
126 silly currentTree |   | | `-- delayed-stream@1.0.0
126 silly currentTree |   | +-- extend@3.0.0
126 silly currentTree |   | +-- forever-agent@0.6.1
126 silly currentTree |   | +-- form-data@2.1.1
126 silly currentTree |   | | `-- asynckit@0.4.0
126 silly currentTree |   | +-- har-validator@2.0.6
126 silly currentTree |   | | +-- chalk@1.1.3
126 silly currentTree |   | | | +-- ansi-styles@2.2.1
126 silly currentTree |   | | | +-- escape-string-regexp@1.0.5
126 silly currentTree |   | | | +-- has-ansi@2.0.0
126 silly currentTree |   | | | | `-- ansi-regex@2.0.0
126 silly currentTree |   | | | +-- strip-ansi@3.0.1
126 silly currentTree |   | | | | `-- ansi-regex@2.0.0
126 silly currentTree |   | | | `-- supports-color@2.0.0
126 silly currentTree |   | | +-- commander@2.9.0
126 silly currentTree |   | | | `-- graceful-readlink@1.0.1
126 silly currentTree |   | | +-- is-my-json-valid@2.15.0
126 silly currentTree |   | | | +-- generate-function@2.0.0
126 silly currentTree |   | | | +-- generate-object-property@1.2.0
126 silly currentTree |   | | | | `-- is-property@1.0.2
126 silly currentTree |   | | | +-- jsonpointer@4.0.0
126 silly currentTree |   | | | `-- xtend@4.0.1
126 silly currentTree |   | | `-- pinkie-promise@2.0.1
126 silly currentTree |   | |   `-- pinkie@2.0.4
126 silly currentTree |   | +-- hawk@3.1.3
126 silly currentTree |   | | +-- boom@2.10.1
126 silly currentTree |   | | +-- cryptiles@2.0.5
126 silly currentTree |   | | +-- hoek@2.16.3
126 silly currentTree |   | | `-- sntp@1.0.9
126 silly currentTree |   | +-- http-signature@1.1.1
126 silly currentTree |   | | +-- assert-plus@0.2.0
126 silly currentTree |   | | +-- jsprim@1.3.1
126 silly currentTree |   | | | +-- extsprintf@1.0.2
126 silly currentTree |   | | | +-- json-schema@0.2.3
126 silly currentTree |   | | | `-- verror@1.3.6
126 silly currentTree |   | | `-- sshpk@1.10.1
126 silly currentTree |   | |   +-- asn1@0.2.3
126 silly currentTree |   | |   +-- assert-plus@1.0.0
126 silly currentTree |   | |   +-- bcrypt-pbkdf@1.0.0
126 silly currentTree |   | |   +-- dashdash@1.14.0
126 silly currentTree |   | |   +-- ecc-jsbn@0.1.1
126 silly currentTree |   | |   +-- getpass@0.1.6
126 silly currentTree |   | |   +-- jodid25519@1.0.2
126 silly currentTree |   | |   +-- jsbn@0.1.0
126 silly currentTree |   | |   `-- tweetnacl@0.14.3
126 silly currentTree |   | +-- is-typedarray@1.0.0
126 silly currentTree |   | +-- isstream@0.1.2
126 silly currentTree |   | +-- json-stringify-safe@5.0.1
126 silly currentTree |   | +-- mime-types@2.1.12
126 silly currentTree |   | | `-- mime-db@1.24.0
126 silly currentTree |   | +-- node-uuid@1.4.7
126 silly currentTree |   | +-- oauth-sign@0.8.2
126 silly currentTree |   | +-- qs@6.3.0
126 silly currentTree |   | +-- stringstream@0.0.5
126 silly currentTree |   | +-- tough-cookie@2.3.2
126 silly currentTree |   | | `-- punycode@1.4.1
126 silly currentTree |   | `-- tunnel-agent@0.4.3
126 silly currentTree |   +-- rimraf@2.5.4
126 silly currentTree |   | `-- glob@7.1.1
126 silly currentTree |   |   +-- fs.realpath@1.0.0
126 silly currentTree |   |   +-- inflight@1.0.6
126 silly currentTree |   |   | `-- wrappy@1.0.2
126 silly currentTree |   |   +-- inherits@2.0.3
126 silly currentTree |   |   +-- minimatch@3.0.3
126 silly currentTree |   |   | `-- brace-expansion@1.1.6
126 silly currentTree |   |   |   +-- balanced-match@0.4.2
126 silly currentTree |   |   |   `-- concat-map@0.0.1
126 silly currentTree |   |   +-- once@1.4.0
126 silly currentTree |   |   | `-- wrappy@1.0.2
126 silly currentTree |   |   `-- path-is-absolute@1.0.1
126 silly currentTree |   +-- semver@5.3.0
126 silly currentTree |   +-- tar-pack@3.3.0
126 silly currentTree |   | +-- debug@2.2.0
126 silly currentTree |   | | `-- ms@0.7.1
126 silly currentTree |   | +-- fstream-ignore@1.0.5
126 silly currentTree |   | | +-- inherits@2.0.3
126 silly currentTree |   | | `-- minimatch@3.0.3
126 silly currentTree |   | |   `-- brace-expansion@1.1.6
126 silly currentTree |   | |     +-- balanced-match@0.4.2
126 silly currentTree |   | |     `-- concat-map@0.0.1
126 silly currentTree |   | +-- fstream@1.0.10
126 silly currentTree |   | | +-- graceful-fs@4.1.9
126 silly currentTree |   | | `-- inherits@2.0.3
126 silly currentTree |   | +-- once@1.3.3
126 silly currentTree |   | | `-- wrappy@1.0.2
126 silly currentTree |   | +-- readable-stream@2.1.5
126 silly currentTree |   | | +-- buffer-shims@1.0.0
126 silly currentTree |   | | +-- core-util-is@1.0.2
126 silly currentTree |   | | +-- inherits@2.0.3
126 silly currentTree |   | | +-- isarray@1.0.0
126 silly currentTree |   | | +-- process-nextick-args@1.0.7
126 silly currentTree |   | | +-- string_decoder@0.10.31
126 silly currentTree |   | | `-- util-deprecate@1.0.2
126 silly currentTree |   | `-- uid-number@0.0.6
126 silly currentTree |   `-- tar@2.2.1
126 silly currentTree |     +-- block-stream@0.0.9
126 silly currentTree |     +-- fstream@1.0.10
126 silly currentTree |     | `-- graceful-fs@4.1.9
126 silly currentTree |     `-- inherits@2.0.3
126 silly currentTree +-- sshpk@1.10.1
126 silly currentTree | `-- assert-plus@1.0.0
126 silly currentTree +-- statuses@1.3.1
126 silly currentTree +-- stringstream@0.0.5
126 silly currentTree +-- strip-ansi@3.0.1
126 silly currentTree +-- supports-color@2.0.0
126 silly currentTree +-- tough-cookie@2.3.2
126 silly currentTree +-- transformers@2.1.0
126 silly currentTree | +-- is-promise@1.0.1
126 silly currentTree | +-- promise@2.0.0
126 silly currentTree | +-- source-map@0.1.43
126 silly currentTree | `-- uglify-js@2.2.5
126 silly currentTree +-- tunnel-agent@0.4.3
126 silly currentTree +-- tweetnacl@0.14.5
126 silly currentTree +-- type-is@1.6.14
126 silly currentTree +-- uglify-js@2.7.5
126 silly currentTree | `-- source-map@0.5.6
126 silly currentTree +-- uglify-to-browserify@1.0.2
126 silly currentTree +-- underscore@1.8.3
126 silly currentTree +-- unpipe@1.0.0
126 silly currentTree +-- utils-merge@1.0.0
126 silly currentTree +-- uuid@3.0.1
126 silly currentTree +-- vary@1.1.0
126 silly currentTree +-- verror@1.3.6
126 silly currentTree +-- void-elements@2.0.1
126 silly currentTree +-- window-size@0.1.0
126 silly currentTree +-- with@4.0.3
126 silly currentTree | `-- acorn@1.2.2
126 silly currentTree +-- wordwrap@0.0.3
126 silly currentTree +-- xmldom@0.1.19
126 silly currentTree +-- xtend@4.0.1
126 silly currentTree `-- yargs@3.10.0
127 silly idealTree allergies@0.0.0
127 silly idealTree +-- accepts@1.3.3
127 silly idealTree +-- acorn-globals@1.0.9
127 silly idealTree +-- acorn@2.7.0
127 silly idealTree +-- align-text@0.1.4
127 silly idealTree +-- amdefine@1.0.1
127 silly idealTree +-- ansi-regex@2.0.0
127 silly idealTree +-- ansi-styles@2.2.1
127 silly idealTree +-- array-flatten@1.1.1
127 silly idealTree +-- asap@1.0.0
127 silly idealTree +-- asn1@0.2.3
127 silly idealTree +-- assert-plus@0.2.0
127 silly idealTree +-- async@0.2.10
127 silly idealTree +-- asynckit@0.4.0
127 silly idealTree +-- aws-sign2@0.6.0
127 silly idealTree +-- aws4@1.5.0
127 silly idealTree +-- basic-auth@1.0.4
127 silly idealTree +-- bcrypt-pbkdf@1.0.0
127 silly idealTree +-- bindings@1.2.1
127 silly idealTree +-- body-parser@1.15.2
127 silly idealTree +-- boom@2.10.1
127 silly idealTree +-- bytes@2.4.0
127 silly idealTree +-- camelcase@1.2.1
127 silly idealTree +-- caseless@0.11.0
127 silly idealTree +-- center-align@0.1.3
127 silly idealTree +-- chalk@1.1.3
127 silly idealTree +-- character-parser@1.2.1
127 silly idealTree +-- clean-css@3.4.22
127 silly idealTree | `-- commander@2.8.1
127 silly idealTree +-- cliui@2.1.0
127 silly idealTree | `-- wordwrap@0.0.2
127 silly idealTree +-- coffee-script@1.12.2
127 silly idealTree +-- combined-stream@1.0.5
127 silly idealTree +-- commander@2.6.0
127 silly idealTree +-- constantinople@3.0.2
127 silly idealTree +-- content-disposition@0.5.1
127 silly idealTree +-- content-type@1.0.2
127 silly idealTree +-- contextify@0.1.15
127 silly idealTree +-- cookie-parser@1.4.3
127 silly idealTree +-- cookie-signature@1.0.6
127 silly idealTree +-- cookie@0.3.1
127 silly idealTree +-- cryptiles@2.0.5
127 silly idealTree +-- css-parse@1.0.4
127 silly idealTree +-- css-stringify@1.0.5
127 silly idealTree +-- css@1.0.8
127 silly idealTree +-- dashdash@1.14.1
127 silly idealTree | `-- assert-plus@1.0.0
127 silly idealTree +-- debug@2.2.0
127 silly idealTree +-- decamelize@1.2.0
127 silly idealTree +-- delayed-stream@1.0.0
127 silly idealTree +-- depd@1.1.0
127 silly idealTree +-- destroy@1.0.4
127 silly idealTree +-- ecc-jsbn@0.1.1
127 silly idealTree +-- ee-first@1.1.1
127 silly idealTree +-- encodeurl@1.0.1
127 silly idealTree +-- es6-promise@2.3.0
127 silly idealTree +-- escape-html@1.0.3
127 silly idealTree +-- escape-string-regexp@1.0.5
127 silly idealTree +-- etag@1.7.0
127 silly idealTree +-- express@4.14.0
127 silly idealTree +-- extend@3.0.0
127 silly idealTree +-- extsprintf@1.0.2
127 silly idealTree +-- finalhandler@0.5.0
127 silly idealTree +-- forever-agent@0.6.1
127 silly idealTree +-- form-data@2.1.2
127 silly idealTree +-- forwarded@0.1.0
127 silly idealTree +-- fresh@0.3.0
127 silly idealTree +-- generate-function@2.0.0
127 silly idealTree +-- generate-object-property@1.2.0
127 silly idealTree +-- getpass@0.1.6
127 silly idealTree | `-- assert-plus@1.0.0
127 silly idealTree +-- graceful-readlink@1.0.1
127 silly idealTree +-- har-validator@2.0.6
127 silly idealTree | `-- commander@2.9.0
127 silly idealTree +-- has-ansi@2.0.0
127 silly idealTree +-- hawk@3.1.3
127 silly idealTree +-- hoek@2.16.3
127 silly idealTree +-- http-errors@1.5.1
127 silly idealTree +-- http-signature@1.1.1
127 silly idealTree +-- iconv-lite@0.4.13
127 silly idealTree +-- indexeddb-js@0.0.14
127 silly idealTree +-- inherits@2.0.3
127 silly idealTree +-- ipaddr.js@1.1.1
127 silly idealTree +-- is-buffer@1.1.4
127 silly idealTree +-- is-my-json-valid@2.15.0
127 silly idealTree +-- is-promise@2.1.0
127 silly idealTree +-- is-property@1.0.2
127 silly idealTree +-- is-typedarray@1.0.0
127 silly idealTree +-- isstream@0.1.2
127 silly idealTree +-- jade@1.11.0
127 silly idealTree +-- jodid25519@1.0.2
127 silly idealTree +-- jsbn@0.1.0
127 silly idealTree +-- json-schema@0.2.3
127 silly idealTree +-- json-stringify-safe@5.0.1
127 silly idealTree +-- jsonld@0.4.11
127 silly idealTree +-- jsonpointer@4.0.0
127 silly idealTree +-- jsprim@1.3.1
127 silly idealTree +-- jstransformer@0.0.2
127 silly idealTree +-- kind-of@3.1.0
127 silly idealTree +-- lazy-cache@1.0.4
127 silly idealTree +-- longest@1.0.1
127 silly idealTree +-- media-typer@0.3.0
127 silly idealTree +-- merge-descriptors@1.0.1
127 silly idealTree +-- methods@1.1.2
127 silly idealTree +-- mime-db@1.25.0
127 silly idealTree +-- mime-types@2.1.13
127 silly idealTree +-- mime@1.3.4
127 silly idealTree +-- minimist@0.0.8
127 silly idealTree +-- mkdirp@0.5.1
127 silly idealTree +-- morgan@1.7.0
127 silly idealTree +-- ms@0.7.1
127 silly idealTree +-- n3@0.5.0
127 silly idealTree +-- nan@2.4.0
127 silly idealTree +-- negotiator@0.6.1
127 silly idealTree +-- oauth-sign@0.8.2
127 silly idealTree +-- on-finished@2.3.0
127 silly idealTree +-- on-headers@1.0.1
127 silly idealTree +-- optimist@0.3.7
127 silly idealTree +-- parseurl@1.3.1
127 silly idealTree +-- path-to-regexp@0.1.7
127 silly idealTree +-- pinkie-promise@2.0.1
127 silly idealTree +-- pinkie@2.0.4
127 silly idealTree +-- pkginfo@0.4.0
127 silly idealTree +-- promise@6.1.0
127 silly idealTree +-- proxy-addr@1.1.2
127 silly idealTree +-- punycode@1.4.1
127 silly idealTree +-- qs@6.2.0
127 silly idealTree +-- range-parser@1.2.0
127 silly idealTree +-- raw-body@2.1.7
127 silly idealTree +-- rdfstore@0.9.17
127 silly idealTree +-- repeat-string@1.6.1
127 silly idealTree +-- request@2.79.0
127 silly idealTree | `-- qs@6.3.0
127 silly idealTree +-- right-align@0.1.3
127 silly idealTree +-- send@0.14.1
127 silly idealTree +-- serve-favicon@2.3.2
127 silly idealTree | `-- ms@0.7.2
127 silly idealTree +-- serve-static@1.11.1
127 silly idealTree +-- setprototypeof@1.0.2
127 silly idealTree +-- sntp@1.0.9
127 silly idealTree +-- source-map@0.4.4
127 silly idealTree +-- sparql@0.1.3
127 silly idealTree | +-- coffee-script@1.2.0
127 silly idealTree | `-- request@1.9.0
127 silly idealTree +-- sqlite3@3.1.8
127 silly idealTree | `-- node-pre-gyp@0.6.31
127 silly idealTree |   +-- mkdirp@0.5.1
127 silly idealTree |   | `-- minimist@0.0.8
127 silly idealTree |   +-- nopt@3.0.6
127 silly idealTree |   | `-- abbrev@1.0.9
127 silly idealTree |   +-- npmlog@4.0.0
127 silly idealTree |   | +-- are-we-there-yet@1.1.2
127 silly idealTree |   | | +-- delegates@1.0.0
127 silly idealTree |   | | `-- readable-stream@2.1.5
127 silly idealTree |   | |   +-- buffer-shims@1.0.0
127 silly idealTree |   | |   +-- core-util-is@1.0.2
127 silly idealTree |   | |   +-- inherits@2.0.3
127 silly idealTree |   | |   +-- isarray@1.0.0
127 silly idealTree |   | |   +-- process-nextick-args@1.0.7
127 silly idealTree |   | |   +-- string_decoder@0.10.31
127 silly idealTree |   | |   `-- util-deprecate@1.0.2
127 silly idealTree |   | +-- console-control-strings@1.1.0
127 silly idealTree |   | +-- gauge@2.6.0
127 silly idealTree |   | | +-- aproba@1.0.4
127 silly idealTree |   | | +-- has-color@0.1.7
127 silly idealTree |   | | +-- has-unicode@2.0.1
127 silly idealTree |   | | +-- object-assign@4.1.0
127 silly idealTree |   | | +-- signal-exit@3.0.1
127 silly idealTree |   | | +-- string-width@1.0.2
127 silly idealTree |   | | | +-- code-point-at@1.0.1
127 silly idealTree |   | | | | `-- number-is-nan@1.0.1
127 silly idealTree |   | | | `-- is-fullwidth-code-point@1.0.0
127 silly idealTree |   | | |   `-- number-is-nan@1.0.1
127 silly idealTree |   | | +-- strip-ansi@3.0.1
127 silly idealTree |   | | | `-- ansi-regex@2.0.0
127 silly idealTree |   | | `-- wide-align@1.1.0
127 silly idealTree |   | `-- set-blocking@2.0.0
127 silly idealTree |   +-- rc@1.1.6
127 silly idealTree |   | +-- deep-extend@0.4.1
127 silly idealTree |   | +-- ini@1.3.4
127 silly idealTree |   | +-- minimist@1.2.0
127 silly idealTree |   | `-- strip-json-comments@1.0.4
127 silly idealTree |   +-- request@2.76.0
127 silly idealTree |   | +-- aws-sign2@0.6.0
127 silly idealTree |   | +-- aws4@1.5.0
127 silly idealTree |   | +-- caseless@0.11.0
127 silly idealTree |   | +-- combined-stream@1.0.5
127 silly idealTree |   | | `-- delayed-stream@1.0.0
127 silly idealTree |   | +-- extend@3.0.0
127 silly idealTree |   | +-- forever-agent@0.6.1
127 silly idealTree |   | +-- form-data@2.1.1
127 silly idealTree |   | | `-- asynckit@0.4.0
127 silly idealTree |   | +-- har-validator@2.0.6
127 silly idealTree |   | | +-- chalk@1.1.3
127 silly idealTree |   | | | +-- ansi-styles@2.2.1
127 silly idealTree |   | | | +-- escape-string-regexp@1.0.5
127 silly idealTree |   | | | +-- has-ansi@2.0.0
127 silly idealTree |   | | | | `-- ansi-regex@2.0.0
127 silly idealTree |   | | | +-- strip-ansi@3.0.1
127 silly idealTree |   | | | | `-- ansi-regex@2.0.0
127 silly idealTree |   | | | `-- supports-color@2.0.0
127 silly idealTree |   | | +-- commander@2.9.0
127 silly idealTree |   | | | `-- graceful-readlink@1.0.1
127 silly idealTree |   | | +-- is-my-json-valid@2.15.0
127 silly idealTree |   | | | +-- generate-function@2.0.0
127 silly idealTree |   | | | +-- generate-object-property@1.2.0
127 silly idealTree |   | | | | `-- is-property@1.0.2
127 silly idealTree |   | | | +-- jsonpointer@4.0.0
127 silly idealTree |   | | | `-- xtend@4.0.1
127 silly idealTree |   | | `-- pinkie-promise@2.0.1
127 silly idealTree |   | |   `-- pinkie@2.0.4
127 silly idealTree |   | +-- hawk@3.1.3
127 silly idealTree |   | | +-- boom@2.10.1
127 silly idealTree |   | | +-- cryptiles@2.0.5
127 silly idealTree |   | | +-- hoek@2.16.3
127 silly idealTree |   | | `-- sntp@1.0.9
127 silly idealTree |   | +-- http-signature@1.1.1
127 silly idealTree |   | | +-- assert-plus@0.2.0
127 silly idealTree |   | | +-- jsprim@1.3.1
127 silly idealTree |   | | | +-- extsprintf@1.0.2
127 silly idealTree |   | | | +-- json-schema@0.2.3
127 silly idealTree |   | | | `-- verror@1.3.6
127 silly idealTree |   | | `-- sshpk@1.10.1
127 silly idealTree |   | |   +-- asn1@0.2.3
127 silly idealTree |   | |   +-- assert-plus@1.0.0
127 silly idealTree |   | |   +-- bcrypt-pbkdf@1.0.0
127 silly idealTree |   | |   +-- dashdash@1.14.0
127 silly idealTree |   | |   +-- ecc-jsbn@0.1.1
127 silly idealTree |   | |   +-- getpass@0.1.6
127 silly idealTree |   | |   +-- jodid25519@1.0.2
127 silly idealTree |   | |   +-- jsbn@0.1.0
127 silly idealTree |   | |   `-- tweetnacl@0.14.3
127 silly idealTree |   | +-- is-typedarray@1.0.0
127 silly idealTree |   | +-- isstream@0.1.2
127 silly idealTree |   | +-- json-stringify-safe@5.0.1
127 silly idealTree |   | +-- mime-types@2.1.12
127 silly idealTree |   | | `-- mime-db@1.24.0
127 silly idealTree |   | +-- node-uuid@1.4.7
127 silly idealTree |   | +-- oauth-sign@0.8.2
127 silly idealTree |   | +-- qs@6.3.0
127 silly idealTree |   | +-- stringstream@0.0.5
127 silly idealTree |   | +-- tough-cookie@2.3.2
127 silly idealTree |   | | `-- punycode@1.4.1
127 silly idealTree |   | `-- tunnel-agent@0.4.3
127 silly idealTree |   +-- rimraf@2.5.4
127 silly idealTree |   | `-- glob@7.1.1
127 silly idealTree |   |   +-- fs.realpath@1.0.0
127 silly idealTree |   |   +-- inflight@1.0.6
127 silly idealTree |   |   | `-- wrappy@1.0.2
127 silly idealTree |   |   +-- inherits@2.0.3
127 silly idealTree |   |   +-- minimatch@3.0.3
127 silly idealTree |   |   | `-- brace-expansion@1.1.6
127 silly idealTree |   |   |   +-- balanced-match@0.4.2
127 silly idealTree |   |   |   `-- concat-map@0.0.1
127 silly idealTree |   |   +-- once@1.4.0
127 silly idealTree |   |   | `-- wrappy@1.0.2
127 silly idealTree |   |   `-- path-is-absolute@1.0.1
127 silly idealTree |   +-- semver@5.3.0
127 silly idealTree |   +-- tar-pack@3.3.0
127 silly idealTree |   | +-- debug@2.2.0
127 silly idealTree |   | | `-- ms@0.7.1
127 silly idealTree |   | +-- fstream-ignore@1.0.5
127 silly idealTree |   | | +-- inherits@2.0.3
127 silly idealTree |   | | `-- minimatch@3.0.3
127 silly idealTree |   | |   `-- brace-expansion@1.1.6
127 silly idealTree |   | |     +-- balanced-match@0.4.2
127 silly idealTree |   | |     `-- concat-map@0.0.1
127 silly idealTree |   | +-- fstream@1.0.10
127 silly idealTree |   | | +-- graceful-fs@4.1.9
127 silly idealTree |   | | `-- inherits@2.0.3
127 silly idealTree |   | +-- once@1.3.3
127 silly idealTree |   | | `-- wrappy@1.0.2
127 silly idealTree |   | +-- readable-stream@2.1.5
127 silly idealTree |   | | +-- buffer-shims@1.0.0
127 silly idealTree |   | | +-- core-util-is@1.0.2
127 silly idealTree |   | | +-- inherits@2.0.3
127 silly idealTree |   | | +-- isarray@1.0.0
127 silly idealTree |   | | +-- process-nextick-args@1.0.7
127 silly idealTree |   | | +-- string_decoder@0.10.31
127 silly idealTree |   | | `-- util-deprecate@1.0.2
127 silly idealTree |   | `-- uid-number@0.0.6
127 silly idealTree |   `-- tar@2.2.1
127 silly idealTree |     +-- block-stream@0.0.9
127 silly idealTree |     +-- fstream@1.0.10
127 silly idealTree |     | `-- graceful-fs@4.1.9
127 silly idealTree |     `-- inherits@2.0.3
127 silly idealTree +-- sshpk@1.10.1
127 silly idealTree | `-- assert-plus@1.0.0
127 silly idealTree +-- statuses@1.3.1
127 silly idealTree +-- stringstream@0.0.5
127 silly idealTree +-- strip-ansi@3.0.1
127 silly idealTree +-- supports-color@2.0.0
127 silly idealTree +-- tough-cookie@2.3.2
127 silly idealTree +-- transformers@2.1.0
127 silly idealTree | +-- is-promise@1.0.1
127 silly idealTree | +-- promise@2.0.0
127 silly idealTree | +-- source-map@0.1.43
127 silly idealTree | `-- uglify-js@2.2.5
127 silly idealTree +-- tunnel-agent@0.4.3
127 silly idealTree +-- tweetnacl@0.14.5
127 silly idealTree +-- type-is@1.6.14
127 silly idealTree +-- uglify-js@2.7.5
127 silly idealTree | `-- source-map@0.5.6
127 silly idealTree +-- uglify-to-browserify@1.0.2
127 silly idealTree +-- underscore@1.8.3
127 silly idealTree +-- unpipe@1.0.0
127 silly idealTree +-- utils-merge@1.0.0
127 silly idealTree +-- uuid@3.0.1
127 silly idealTree +-- vary@1.1.0
127 silly idealTree +-- verror@1.3.6
127 silly idealTree +-- void-elements@2.0.1
127 silly idealTree +-- window-size@0.1.0
127 silly idealTree +-- with@4.0.3
127 silly idealTree | `-- acorn@1.2.2
127 silly idealTree +-- wordwrap@0.0.3
127 silly idealTree +-- xmldom@0.1.19
127 silly idealTree +-- xtend@4.0.1
127 silly idealTree `-- yargs@3.10.0
128 silly generateActionsToTake Starting
129 silly install generateActionsToTake
130 silly generateActionsToTake Finishing
131 silly diffTrees action count 2
132 silly diffTrees add bindings@1.2.1
133 silly diffTrees add contextify@0.1.15
134 silly decomposeActions action count 16
135 silly decomposeActions fetch bindings@1.2.1
136 silly decomposeActions extract bindings@1.2.1
137 silly decomposeActions test bindings@1.2.1
138 silly decomposeActions preinstall bindings@1.2.1
139 silly decomposeActions build bindings@1.2.1
140 silly decomposeActions install bindings@1.2.1
141 silly decomposeActions postinstall bindings@1.2.1
142 silly decomposeActions finalize bindings@1.2.1
143 silly decomposeActions fetch contextify@0.1.15
144 silly decomposeActions extract contextify@0.1.15
145 silly decomposeActions test contextify@0.1.15
146 silly decomposeActions preinstall contextify@0.1.15
147 silly decomposeActions build contextify@0.1.15
148 silly decomposeActions install contextify@0.1.15
149 silly decomposeActions postinstall contextify@0.1.15
150 silly decomposeActions finalize contextify@0.1.15
151 silly runTopLevelLifecycles Starting
152 silly executeActions Starting
153 silly install executeActions
154 silly doSerial global-install 0
155 silly doParallel fetch 2
156 verbose correctMkdir C:\Users\arnau\AppData\Roaming\npm-cache\_locks correctMkdir not in flight; initializing
157 verbose lock using C:\Users\arnau\AppData\Roaming\npm-cache\_locks\staging-ca4ed7339125be39.lock for C:\Users\arnau\Documents\School\Projecten 16_17\Open_Information_Systems\Application\allergies\node_modules\.staging
158 silly doParallel extract 2
159 silly extract bindings@1.2.1
160 silly extract contextify@0.1.15
161 verbose unbuild node_modules\.staging\bindings-cdfc8eee
162 verbose unbuild node_modules\.staging\contextify-2e4a5cfc
163 silly gentlyRm C:\Users\arnau\Documents\School\Projecten 16_17\Open_Information_Systems\Application\allergies\node_modules\.staging\bindings-cdfc8eee is being purged from base C:\Users\arnau\Documents\School\Projecten 16_17\Open_Information_Systems\Application\allergies
164 verbose gentlyRm don't care about contents; nuking C:\Users\arnau\Documents\School\Projecten 16_17\Open_Information_Systems\Application\allergies\node_modules\.staging\bindings-cdfc8eee
165 verbose tar unpack C:\Users\arnau\AppData\Roaming\npm-cache\bindings\1.2.1\package.tgz
166 verbose tar unpacking to C:\Users\arnau\Documents\School\Projecten 16_17\Open_Information_Systems\Application\allergies\node_modules\.staging\bindings-cdfc8eee
167 silly gentlyRm C:\Users\arnau\Documents\School\Projecten 16_17\Open_Information_Systems\Application\allergies\node_modules\.staging\bindings-cdfc8eee is being purged
168 verbose gentlyRm don't care about contents; nuking C:\Users\arnau\Documents\School\Projecten 16_17\Open_Information_Systems\Application\allergies\node_modules\.staging\bindings-cdfc8eee
169 silly gentlyRm C:\Users\arnau\Documents\School\Projecten 16_17\Open_Information_Systems\Application\allergies\node_modules\.staging\contextify-2e4a5cfc is being purged from base C:\Users\arnau\Documents\School\Projecten 16_17\Open_Information_Systems\Application\allergies
170 verbose gentlyRm don't care about contents; nuking C:\Users\arnau\Documents\School\Projecten 16_17\Open_Information_Systems\Application\allergies\node_modules\.staging\contextify-2e4a5cfc
171 silly gunzTarPerm modes [ '777', '666' ]
172 verbose tar unpack C:\Users\arnau\AppData\Roaming\npm-cache\contextify\0.1.15\package.tgz
173 verbose tar unpacking to C:\Users\arnau\Documents\School\Projecten 16_17\Open_Information_Systems\Application\allergies\node_modules\.staging\contextify-2e4a5cfc
174 silly gentlyRm C:\Users\arnau\Documents\School\Projecten 16_17\Open_Information_Systems\Application\allergies\node_modules\.staging\contextify-2e4a5cfc is being purged
175 verbose gentlyRm don't care about contents; nuking C:\Users\arnau\Documents\School\Projecten 16_17\Open_Information_Systems\Application\allergies\node_modules\.staging\contextify-2e4a5cfc
176 silly gunzTarPerm modes [ '777', '666' ]
177 silly gunzTarPerm extractEntry package.json
178 silly gunzTarPerm modified mode [ 'package.json', 420, 438 ]
179 silly gunzTarPerm extractEntry package.json
180 silly gunzTarPerm modified mode [ 'package.json', 420, 438 ]
181 silly gunzTarPerm extractEntry README.md
182 silly gunzTarPerm modified mode [ 'README.md', 420, 438 ]
183 silly gunzTarPerm extractEntry bindings.js
184 silly gunzTarPerm modified mode [ 'bindings.js', 420, 438 ]
185 silly gunzTarPerm extractEntry .npmignore
186 silly gunzTarPerm modified mode [ '.npmignore', 420, 438 ]
187 silly gunzTarPerm extractEntry README.md
188 silly gunzTarPerm modified mode [ 'README.md', 420, 438 ]
189 silly gunzTarPerm extractEntry .travis.yml
190 silly gunzTarPerm modified mode [ '.travis.yml', 420, 438 ]
191 silly gunzTarPerm extractEntry LICENSE.txt
192 silly gunzTarPerm modified mode [ 'LICENSE.txt', 420, 438 ]
193 silly gunzTarPerm extractEntry .dntrc
194 silly gunzTarPerm modified mode [ '.dntrc', 420, 438 ]
195 silly gunzTarPerm extractEntry binding.gyp
196 silly gunzTarPerm modified mode [ 'binding.gyp', 420, 438 ]
197 silly gunzTarPerm extractEntry changelog
198 silly gunzTarPerm modified mode [ 'changelog', 420, 438 ]
199 silly gunzTarPerm extractEntry lib/contextify.js
200 silly gunzTarPerm modified mode [ 'lib/contextify.js', 420, 438 ]
201 silly gunzTarPerm extractEntry test/contextify.js
202 silly gunzTarPerm modified mode [ 'test/contextify.js', 420, 438 ]
203 silly gunzTarPerm extractEntry src/contextify.cc
204 silly gunzTarPerm modified mode [ 'src/contextify.cc', 420, 438 ]
205 silly gunzTarPerm extractEntry wscript
206 silly gunzTarPerm modified mode [ 'wscript', 420, 438 ]
207 silly gentlyRm C:\Users\arnau\Documents\School\Projecten 16_17\Open_Information_Systems\Application\allergies\node_modules\.staging\bindings-cdfc8eee\node_modules is being purged
208 verbose gentlyRm don't care about contents; nuking C:\Users\arnau\Documents\School\Projecten 16_17\Open_Information_Systems\Application\allergies\node_modules\.staging\bindings-cdfc8eee\node_modules
209 silly gentlyRm C:\Users\arnau\Documents\School\Projecten 16_17\Open_Information_Systems\Application\allergies\node_modules\.staging\contextify-2e4a5cfc\node_modules is being purged
210 verbose gentlyRm don't care about contents; nuking C:\Users\arnau\Documents\School\Projecten 16_17\Open_Information_Systems\Application\allergies\node_modules\.staging\contextify-2e4a5cfc\node_modules
211 silly doParallel preinstall 2
212 silly preinstall bindings@1.2.1 C:\Users\arnau\Documents\School\Projecten 16_17\Open_Information_Systems\Application\allergies\node_modules\.staging\bindings-cdfc8eee
213 info lifecycle bindings@1.2.1~preinstall: bindings@1.2.1
214 silly preinstall contextify@0.1.15 C:\Users\arnau\Documents\School\Projecten 16_17\Open_Information_Systems\Application\allergies\node_modules\.staging\contextify-2e4a5cfc
215 info lifecycle contextify@0.1.15~preinstall: contextify@0.1.15
216 silly lifecycle bindings@1.2.1~preinstall: no script for preinstall, continuing
217 silly lifecycle contextify@0.1.15~preinstall: no script for preinstall, continuing
218 silly doReverseSerial remove 0
219 silly doSerial move 0
220 silly doSerial finalize 2
221 silly finalize C:\Users\arnau\Documents\School\Projecten 16_17\Open_Information_Systems\Application\allergies\node_modules\bindings
222 silly finalize C:\Users\arnau\Documents\School\Projecten 16_17\Open_Information_Systems\Application\allergies\node_modules\contextify
223 silly doSerial build 2
224 silly build bindings@1.2.1
225 info linkStuff bindings@1.2.1
226 silly linkStuff bindings@1.2.1 has C:\Users\arnau\Documents\School\Projecten 16_17\Open_Information_Systems\Application\allergies\node_modules as its parent node_modules
227 verbose linkBins bindings@1.2.1
228 verbose linkMans bindings@1.2.1
229 silly build contextify@0.1.15
230 info linkStuff contextify@0.1.15
231 silly linkStuff contextify@0.1.15 has C:\Users\arnau\Documents\School\Projecten 16_17\Open_Information_Systems\Application\allergies\node_modules as its parent node_modules
232 verbose linkBins contextify@0.1.15
233 verbose linkMans contextify@0.1.15
234 silly doSerial global-link 0
235 silly doParallel update-linked 0
236 silly doSerial install 2
237 silly install bindings@1.2.1 C:\Users\arnau\Documents\School\Projecten 16_17\Open_Information_Systems\Application\allergies\node_modules\.staging\bindings-cdfc8eee
238 info lifecycle bindings@1.2.1~install: bindings@1.2.1
239 silly lifecycle bindings@1.2.1~install: no script for install, continuing
240 silly install contextify@0.1.15 C:\Users\arnau\Documents\School\Projecten 16_17\Open_Information_Systems\Application\allergies\node_modules\.staging\contextify-2e4a5cfc
241 info lifecycle contextify@0.1.15~install: contextify@0.1.15
242 verbose lifecycle contextify@0.1.15~install: unsafe-perm in lifecycle true
243 verbose lifecycle contextify@0.1.15~install: PATH: C:\Program Files\nodejs\node_modules\npm\bin\node-gyp-bin;C:\Users\arnau\Documents\School\Projecten 16_17\Open_Information_Systems\Application\allergies\node_modules\contextify\node_modules\.bin;C:\Users\arnau\Documents\School\Projecten 16_17\Open_Information_Systems\Application\allergies\node_modules\.bin;C:\Program Files (x86)\NVIDIA Corporation\PhysX\Common;C:\ProgramData\Oracle\Java\javapath;C:\WINDOWS\system32;C:\WINDOWS;C:\WINDOWS\System32\Wbem;C:\WINDOWS\System32\WindowsPowerShell\v1.0\;C:\Program Files (x86)\Skype\Phone\;C:\Program Files\MiKTeX 2.9\miktex\bin\x64\;C:\Program Files\nodejs\;C:\Program Files\Git\cmd;C:\Users\arnau\Anaconda3;C:\Users\arnau\Anaconda3\Scripts;C:\Users\arnau\Anaconda3\Library\bin;C:\Users\arnau\AppData\Local\Microsoft\WindowsApps;C:\Users\arnau\AppData\Local\Pandoc\;C:\Users\arnau\AppData\Roaming\npm
244 verbose lifecycle contextify@0.1.15~install: CWD: C:\Users\arnau\Documents\School\Projecten 16_17\Open_Information_Systems\Application\allergies\node_modules\contextify
245 silly lifecycle contextify@0.1.15~install: Args: [ '/d /s /c', 'node-gyp rebuild' ]
246 silly lifecycle contextify@0.1.15~install: Returned: code: 1  signal: null
247 info lifecycle contextify@0.1.15~install: Failed to exec install script
248 verbose unlock done using C:\Users\arnau\AppData\Roaming\npm-cache\_locks\staging-ca4ed7339125be39.lock for C:\Users\arnau\Documents\School\Projecten 16_17\Open_Information_Systems\Application\allergies\node_modules\.staging
249 silly rollbackFailedOptional Starting
250 silly rollbackFailedOptional Finishing
251 silly runTopLevelLifecycles Finishing
252 silly install printInstalled
253 verbose stack Error: contextify@0.1.15 install: `node-gyp rebuild`
253 verbose stack Exit status 1
253 verbose stack     at EventEmitter.<anonymous> (C:\Program Files\nodejs\node_modules\npm\lib\utils\lifecycle.js:255:16)
253 verbose stack     at emitTwo (events.js:106:13)
253 verbose stack     at EventEmitter.emit (events.js:191:7)
253 verbose stack     at ChildProcess.<anonymous> (C:\Program Files\nodejs\node_modules\npm\lib\utils\spawn.js:40:14)
253 verbose stack     at emitTwo (events.js:106:13)
253 verbose stack     at ChildProcess.emit (events.js:191:7)
253 verbose stack     at maybeClose (internal/child_process.js:885:16)
253 verbose stack     at Process.ChildProcess._handle.onexit (internal/child_process.js:226:5)
254 verbose pkgid contextify@0.1.15
255 verbose cwd C:\Users\arnau\Documents\School\Projecten 16_17\Open_Information_Systems\Application\allergies
256 error Windows_NT 10.0.14393
257 error argv "C:\\Program Files\\nodejs\\node.exe" "C:\\Program Files\\nodejs\\node_modules\\npm\\bin\\npm-cli.js" "install" "contextify"
258 error node v7.2.1
259 error npm  v3.10.10
260 error code ELIFECYCLE
261 error contextify@0.1.15 install: `node-gyp rebuild`
261 error Exit status 1
262 error Failed at the contextify@0.1.15 install script 'node-gyp rebuild'.
262 error Make sure you have the latest version of node.js and npm installed.
262 error If you do, this is most likely a problem with the contextify package,
262 error not with npm itself.
262 error Tell the author that this fails on your system:
262 error     node-gyp rebuild
262 error You can get information on how to open an issue for this project with:
262 error     npm bugs contextify
262 error Or if that isn't available, you can get their info via:
262 error     npm owner ls contextify
262 error There is likely additional logging output above.
263 verbose exit [ 1, true ]
